2026-04-01 15:22:18,562 - INFO - Training model: logistic_regression
2026-04-01 15:22:18,664 - INFO - logistic_regression Validation F1: 0.8323699421965318
2026-04-01 15:22:18,664 - INFO - logistic_regression Test F1: 0.8310679611650486
2026-04-01 15:22:18,671 - INFO - Training model: random_forest
2026-04-01 15:22:21,074 - INFO - random_forest Validation F1: 0.8615725359911407
2026-04-01 15:22:21,074 - INFO - random_forest Test F1: 0.8464017185821697
2026-04-01 15:22:21,080 - INFO - Training model: gradient_boosting
2026-04-01 15:22:25,482 - INFO - gradient_boosting Validation F1: 0.8457142857142858
2026-04-01 15:22:25,482 - INFO - gradient_boosting Test F1: 0.8404840484048405
2026-04-01 15:32:58,134 - INFO - Training model: logistic_regression
2026-04-01 15:32:58,382 - INFO - logistic_regression Validation F1: 0.8137164040778498
2026-04-01 15:32:58,382 - INFO - logistic_regression Test F1: 0.8203198494825964
2026-04-01 15:32:58,384 - INFO - Training model: random_forest
2026-04-01 15:33:00,934 - INFO - random_forest Validation F1: 0.8663101604278075
2026-04-01 15:33:00,934 - INFO - random_forest Test F1: 0.8458333333333333
2026-04-01 15:33:00,934 - INFO - Training model: gradient_boosting
2026-04-01 15:33:05,338 - INFO - gradient_boosting Validation F1: 0.8478747203579419
2026-04-01 15:33:05,338 - INFO - gradient_boosting Test F1: 0.8439181916038752
2026-04-01 15:41:29,544 - INFO - Received input: {'sensor_2': 641.82, 'sensor_3': 1589.7, 'sensor_4': 1400.6, 'sensor_7': 554.36, 'sensor_8': 2388.06, 'sensor_9': 9046.19, 'sensor_11': 47.47, 'sensor_12': 521.66, 'sensor_13': 2388.02, 'sensor_14': 8138.62, 'sensor_15': 8.4195, 'sensor_17': 391.0, 'sensor_20': 39.06, 'sensor_21': 23.419}
2026-04-01 15:41:30,005 - INFO - Prediction result: {'prediction': 0, 'prediction_label': 'healthy', 'failure_probability': 0.0}
2026-04-01 16:15:28,962 - INFO - Received input: {'sensor_2': 600.0, 'sensor_3': 1500.0, 'sensor_4': 1300.0, 'sensor_7': 500.0, 'sensor_8': 2300.0, 'sensor_9': 8800.0, 'sensor_11': 60.0, 'sensor_12': 400.0, 'sensor_13': 2200.0, 'sensor_14': 7900.0, 'sensor_15': 12.0, 'sensor_17': 350.0, 'sensor_20': 50.0, 'sensor_21': 10.0}
2026-04-01 16:15:29,418 - INFO - Prediction result: {'prediction': 0, 'prediction_label': 'healthy', 'failure_probability': 0.3787, 'confidence': 'low'}
2026-04-02 14:11:54,819 - INFO - Received input: {'sensor_2': 641.82, 'sensor_3': 1589.7, 'sensor_4': 1400.6, 'sensor_7': 554.36, 'sensor_8': 2388.06, 'sensor_9': 9046.19, 'sensor_11': 47.47, 'sensor_12': 521.66, 'sensor_13': 2388.02, 'sensor_14': 8138.62, 'sensor_15': 8.4195, 'sensor_17': 391.0, 'sensor_20': 39.06, 'sensor_21': 23.419}
2026-04-02 14:11:55,220 - INFO - Prediction result: {'prediction': 0, 'prediction_label': 'healthy', 'failure_probability': 0.0, 'confidence': 'low'}
2026-04-02 14:30:44,923 - INFO - Training model: logistic_regression
2026-04-02 14:30:45,031 - INFO - logistic_regression Validation F1: 0.8137164040778498
2026-04-02 14:30:45,031 - INFO - logistic_regression Test F1: 0.8203198494825964
2026-04-02 14:30:45,031 - INFO - Training model: random_forest
2026-04-02 14:30:48,171 - INFO - random_forest Validation F1: 0.8663101604278075
2026-04-02 14:30:48,171 - INFO - random_forest Test F1: 0.8458333333333333
2026-04-02 14:30:48,171 - INFO - Training model: gradient_boosting
2026-04-02 14:30:52,483 - INFO - gradient_boosting Validation F1: 0.8478747203579419
2026-04-02 14:30:52,483 - INFO - gradient_boosting Test F1: 0.8439181916038752
2026-04-02 14:30:52,483 - INFO - Training model: xgboost
2026-04-02 14:30:53,237 - INFO - xgboost Validation F1: 0.8350398179749715
2026-04-02 14:30:53,237 - INFO - xgboost Test F1: 0.8364030335861322
2026-04-02 14:36:00,736 - INFO - Training model: logistic_regression
2026-04-02 14:36:00,811 - INFO - logistic_regression Validation F1: 0.8137164040778498
2026-04-02 14:36:00,811 - INFO - logistic_regression Test F1: 0.8203198494825964
2026-04-02 14:36:00,816 - INFO - Training model: random_forest
2026-04-02 14:36:03,695 - INFO - random_forest Validation F1: 0.8663101604278075
2026-04-02 14:36:03,696 - INFO - random_forest Test F1: 0.8458333333333333
2026-04-02 14:36:03,697 - INFO - Training model: gradient_boosting
2026-04-02 14:36:07,884 - INFO - gradient_boosting Validation F1: 0.8478747203579419
2026-04-02 14:36:07,885 - INFO - gradient_boosting Test F1: 0.8439181916038752
2026-04-02 14:36:07,887 - INFO - Training model: xgboost
2026-04-02 14:36:08,511 - INFO - xgboost Validation F1: 0.8350398179749715
2026-04-02 14:36:08,511 - INFO - xgboost Test F1: 0.8364030335861322
2026-04-02 14:55:14,068 - INFO - Training model: logistic_regression
2026-04-02 14:55:14,152 - INFO - logistic_regression Validation F1: 0.8137164040778498
2026-04-02 14:55:14,152 - INFO - logistic_regression Test F1: 0.8203198494825964
2026-04-02 14:55:14,152 - INFO - Training model: random_forest
2026-04-02 14:55:16,428 - INFO - random_forest Validation F1: 0.8663101604278075
2026-04-02 14:55:16,428 - INFO - random_forest Test F1: 0.8458333333333333
2026-04-02 14:55:16,428 - INFO - Training model: gradient_boosting
2026-04-02 14:55:21,780 - INFO - gradient_boosting Validation F1: 0.8478747203579419
2026-04-02 14:55:21,780 - INFO - gradient_boosting Test F1: 0.8439181916038752
2026-04-02 14:55:21,780 - INFO - Training model: xgboost
2026-04-02 14:55:22,637 - INFO - xgboost Validation F1: 0.8350398179749715
2026-04-02 14:55:22,637 - INFO - xgboost Test F1: 0.8364030335861322
2026-04-02 14:55:56,499 - INFO - Training model: logistic_regression
2026-04-02 14:55:56,579 - INFO - logistic_regression Validation F1: 0.8137164040778498
2026-04-02 14:55:56,579 - INFO - logistic_regression Test F1: 0.8203198494825964
2026-04-02 14:55:56,595 - INFO - Training model: random_forest
2026-04-02 14:55:59,147 - INFO - random_forest Validation F1: 0.8663101604278075
2026-04-02 14:55:59,147 - INFO - random_forest Test F1: 0.8458333333333333
2026-04-02 14:55:59,147 - INFO - Training model: xgboost
2026-04-02 14:55:59,980 - INFO - xgboost Validation F1: 0.8350398179749715
2026-04-02 14:55:59,980 - INFO - xgboost Test F1: 0.8364030335861322
2026-04-02 15:02:14,260 - INFO - Training model: logistic_regression
2026-04-02 15:02:14,324 - INFO - logistic_regression Validation F1: 0.8137164040778498
2026-04-02 15:02:14,324 - INFO - logistic_regression Test F1: 0.8203198494825964
2026-04-02 15:02:14,324 - INFO - Training model: random_forest
2026-04-02 15:02:16,533 - INFO - random_forest Validation F1: 0.8663101604278075
2026-04-02 15:02:16,533 - INFO - random_forest Test F1: 0.8458333333333333
2026-04-02 15:02:16,546 - INFO - Training model: xgboost
2026-04-02 15:02:17,721 - INFO - xgboost Validation F1: 0.8350398179749715
2026-04-02 15:02:17,721 - INFO - xgboost Test F1: 0.8364030335861322
2026-04-02 15:09:04,041 - INFO - Training model: logistic_regression
2026-04-02 15:09:04,104 - INFO - logistic_regression Validation F1: 0.8137164040778498
2026-04-02 15:09:04,104 - INFO - logistic_regression Test F1: 0.8203198494825964
2026-04-02 15:09:04,120 - INFO - Training model: random_forest
2026-04-02 15:09:06,138 - INFO - random_forest Validation F1: 0.8663101604278075
2026-04-02 15:09:06,138 - INFO - random_forest Test F1: 0.8458333333333333
2026-04-02 15:09:06,138 - INFO - Training model: xgboost
2026-04-02 15:09:06,724 - INFO - xgboost Validation F1: 0.8350398179749715
2026-04-02 15:09:06,724 - INFO - xgboost Test F1: 0.8364030335861322
2026-04-02 15:10:46,433 - INFO - Training model: logistic_regression
2026-04-02 15:10:46,496 - INFO - logistic_regression Validation F1: 0.8137164040778498
2026-04-02 15:10:46,496 - INFO - logistic_regression Test F1: 0.8203198494825964
2026-04-02 15:10:46,496 - INFO - Training model: random_forest
2026-04-02 15:10:48,595 - INFO - random_forest Validation F1: 0.8663101604278075
2026-04-02 15:10:48,595 - INFO - random_forest Test F1: 0.8458333333333333
2026-04-02 15:10:48,595 - INFO - Training model: xgboost
2026-04-02 15:10:49,184 - INFO - xgboost Validation F1: 0.8350398179749715
2026-04-02 15:10:49,184 - INFO - xgboost Test F1: 0.8364030335861322
2026-04-02 15:11:16,033 - INFO - Training model: logistic_regression
2026-04-02 15:11:16,112 - INFO - logistic_regression Validation F1: 0.8137164040778498
2026-04-02 15:11:16,112 - INFO - logistic_regression Test F1: 0.8203198494825964
2026-04-02 15:11:16,115 - INFO - Training model: random_forest
2026-04-02 15:11:18,847 - INFO - random_forest Validation F1: 0.8663101604278075
2026-04-02 15:11:18,847 - INFO - random_forest Test F1: 0.8458333333333333
2026-04-02 15:11:18,860 - INFO - Training model: xgboost
2026-04-02 15:11:19,462 - INFO - xgboost Validation F1: 0.8350398179749715
2026-04-02 15:11:19,462 - INFO - xgboost Test F1: 0.8364030335861322
2026-04-02 15:11:45,730 - INFO - Training model: logistic_regression
2026-04-02 15:11:45,811 - INFO - logistic_regression Validation F1: 0.8137164040778498
2026-04-02 15:11:45,811 - INFO - logistic_regression Test F1: 0.8203198494825964
2026-04-02 15:11:45,811 - INFO - Training model: random_forest
2026-04-02 15:11:48,224 - INFO - random_forest Validation F1: 0.8663101604278075
2026-04-02 15:11:48,226 - INFO - random_forest Test F1: 0.8458333333333333
2026-04-02 15:11:48,226 - INFO - Training model: xgboost
2026-04-02 15:11:49,146 - INFO - xgboost Validation F1: 0.8350398179749715
2026-04-02 15:11:49,146 - INFO - xgboost Test F1: 0.8364030335861322
2026-04-02 15:20:58,983 - INFO - Training model: logistic_regression
2026-04-02 15:20:59,060 - INFO - logistic_regression Validation F1: 0.8137164040778498
2026-04-02 15:20:59,060 - INFO - logistic_regression Test F1: 0.8203198494825964
2026-04-02 15:20:59,063 - INFO - Training model: random_forest
2026-04-02 15:21:01,108 - INFO - random_forest Validation F1: 0.8663101604278075
2026-04-02 15:21:01,108 - INFO - random_forest Test F1: 0.8458333333333333
2026-04-02 15:21:01,109 - INFO - Training model: xgboost
2026-04-02 15:21:01,721 - INFO - xgboost Validation F1: 0.8350398179749715
2026-04-02 15:21:01,721 - INFO - xgboost Test F1: 0.8364030335861322
2026-04-02 15:37:07,294 - INFO - Training model: logistic_regression
2026-04-02 15:37:07,370 - INFO - logistic_regression Validation F1: 0.8137164040778498
2026-04-02 15:37:07,370 - INFO - logistic_regression Test F1: 0.8203198494825964
2026-04-02 15:37:07,377 - INFO - Training model: random_forest
2026-04-02 15:37:09,917 - INFO - random_forest Validation F1: 0.8663101604278075
2026-04-02 15:37:09,917 - INFO - random_forest Test F1: 0.8458333333333333
2026-04-02 15:37:09,917 - INFO - Training model: xgboost
2026-04-02 15:37:10,711 - INFO - xgboost Validation F1: 0.8350398179749715
2026-04-02 15:37:10,711 - INFO - xgboost Test F1: 0.8364030335861322
2026-04-02 15:39:45,446 - INFO - Training model: logistic_regression
2026-04-02 15:39:45,525 - INFO - logistic_regression Validation F1: 0.8137164040778498
2026-04-02 15:39:45,525 - INFO - logistic_regression Test F1: 0.8203198494825964
2026-04-02 15:39:45,525 - INFO - Training model: random_forest
2026-04-02 15:39:47,567 - INFO - random_forest Validation F1: 0.8663101604278075
2026-04-02 15:39:47,567 - INFO - random_forest Test F1: 0.8458333333333333
2026-04-02 15:39:47,567 - INFO - Training model: xgboost
2026-04-02 15:39:48,154 - INFO - xgboost Validation F1: 0.8350398179749715
2026-04-02 15:39:48,154 - INFO - xgboost Test F1: 0.8364030335861322
2026-04-02 15:51:16,708 - INFO - Received input: {'sensor_2': 641.82, 'sensor_3': 1589.7, 'sensor_4': 1400.6, 'sensor_7': 554.36, 'sensor_8': 2388.06, 'sensor_9': 9046.19, 'sensor_11': 47.47, 'sensor_12': 521.66, 'sensor_13': 2388.02, 'sensor_14': 8138.62, 'sensor_15': 8.4195, 'sensor_17': 391.0, 'sensor_20': 39.06, 'sensor_21': 23.419}
2026-04-02 15:51:16,923 - INFO - Prediction result: {'prediction': 0, 'prediction_label': 'healthy', 'failure_probability': 0.0, 'confidence': 'low'}
2026-04-02 16:07:01,600 - INFO - Received input: {'sensor_2': 600.0, 'sensor_3': 1500.0, 'sensor_4': 1300.0, 'sensor_7': 500.0, 'sensor_8': 2300.0, 'sensor_9': 8800.0, 'sensor_11': 60.0, 'sensor_12': 400.0, 'sensor_13': 2200.0, 'sensor_14': 7900.0, 'sensor_15': 12.0, 'sensor_17': 350.0, 'sensor_20': 50.0, 'sensor_21': 10.0}
2026-04-02 16:07:01,783 - INFO - Prediction result: {'prediction': 0, 'prediction_label': 'healthy', 'failure_probability': 0.3787, 'confidence': 'low'}
2026-04-03 19:10:13,311 - INFO - Training model: logistic_regression
2026-04-03 19:10:13,393 - INFO - logistic_regression Validation F1: 0.8137164040778498
2026-04-03 19:10:13,393 - INFO - logistic_regression Test F1: 0.8203198494825964
2026-04-03 19:10:13,394 - INFO - Training model: random_forest
2026-04-03 19:10:15,738 - INFO - random_forest Validation F1: 0.8663101604278075
2026-04-03 19:10:15,738 - INFO - random_forest Test F1: 0.8458333333333333
2026-04-03 19:10:15,738 - INFO - Training model: xgboost
2026-04-03 19:10:16,887 - INFO - xgboost Validation F1: 0.8350398179749715
2026-04-03 19:10:16,889 - INFO - xgboost Test F1: 0.8364030335861322
2026-04-13 14:53:45,994 - INFO - Training model: logistic_regression
2026-04-13 14:53:46,097 - INFO - logistic_regression Validation F1: 0.8137164040778498
2026-04-13 14:53:46,097 - INFO - logistic_regression Test F1: 0.8203198494825964
2026-04-13 14:53:46,111 - INFO - Training model: random_forest
2026-04-13 14:53:48,837 - INFO - random_forest Validation F1: 0.8663101604278075
2026-04-13 14:53:48,837 - INFO - random_forest Test F1: 0.8458333333333333
2026-04-13 14:53:48,837 - INFO - Training model: xgboost
2026-04-13 14:53:49,700 - INFO - xgboost Validation F1: 0.8350398179749715
2026-04-13 14:53:49,700 - INFO - xgboost Test F1: 0.8364030335861322
2026-04-13 14:57:44,762 - INFO - Received input: {'sensor_2': 641.82, 'sensor_3': 1589.7, 'sensor_4': 1400.6, 'sensor_7': 554.36, 'sensor_8': 2388.06, 'sensor_9': 9046.19, 'sensor_11': 47.47, 'sensor_12': 521.66, 'sensor_13': 2388.02, 'sensor_14': 8138.62, 'sensor_15': 8.4195, 'sensor_17': 391.0, 'sensor_20': 39.06, 'sensor_21': 23.419}
2026-04-13 14:57:44,976 - INFO - Prediction result: {'prediction': 0, 'prediction_label': 'healthy', 'failure_probability': 0.0, 'confidence': 'low'}
2026-04-13 14:57:46,923 - INFO - Received input: {'sensor_2': 641.82, 'sensor_3': 1589.7, 'sensor_4': 1400.6, 'sensor_7': 554.36, 'sensor_8': 2388.06, 'sensor_9': 9046.19, 'sensor_11': 47.47, 'sensor_12': 521.66, 'sensor_13': 2388.02, 'sensor_14': 8138.62, 'sensor_15': 8.4195, 'sensor_17': 391.0, 'sensor_20': 39.06, 'sensor_21': 23.419}
2026-04-13 14:57:47,100 - INFO - Prediction result: {'prediction': 0, 'prediction_label': 'healthy', 'failure_probability': 0.0, 'confidence': 'low'}
2026-04-13 14:58:14,868 - INFO - Received input: {'sensor_2': 600.0, 'sensor_3': 1500.0, 'sensor_4': 1300.0, 'sensor_7': 500.0, 'sensor_8': 2300.0, 'sensor_9': 8800.0, 'sensor_11': 60.0, 'sensor_12': 400.0, 'sensor_13': 2200.0, 'sensor_14': 7900.0, 'sensor_15': 12.0, 'sensor_17': 350.0, 'sensor_20': 50.0, 'sensor_21': 10.0}
2026-04-13 14:58:15,032 - INFO - Prediction result: {'prediction': 0, 'prediction_label': 'healthy', 'failure_probability': 0.3787, 'confidence': 'low'}
2026-04-13 23:44:28,488 - INFO - Training model: logistic_regression
2026-04-13 23:45:29,688 - INFO - Training model: logistic_regression
2026-04-13 23:49:29,225 - INFO - Training model: logistic_regression
2026-04-13 23:50:12,481 - INFO - Training model: logistic_regression
2026-04-13 23:50:12,573 - INFO - Training model: random_forest
2026-04-13 23:50:14,883 - INFO - Training model: xgboost
2026-04-13 23:50:16,120 - INFO - Optimal threshold: 0.312
2026-04-13 23:58:14,633 - INFO - Received input: {'op_setting_1': 0.003, 'op_setting_2': 0.0, 'op_setting_3': 100.0, 'sensor_1': 520.5, 'sensor_2': 645.0, 'sensor_3': 1605.0, 'sensor_4': 1425.0, 'sensor_5': 15.2, 'sensor_6': 22.0, 'sensor_7': 560.0, 'sensor_8': 2395.0, 'sensor_9': 9100.0, 'sensor_10': 1.5, 'sensor_11': 55.0, 'sensor_12': 500.0, 'sensor_13': 2395.0, 'sensor_14': 8200.0, 'sensor_15': 9.2, 'sensor_16': 0.04, 'sensor_17': 400.0, 'sensor_18': 2395.0, 'sensor_19': 100.0, 'sensor_20': 42.0, 'sensor_21': 22.0}
2026-04-13 23:58:14,872 - INFO - Prediction result: {'prediction': 1, 'prediction_label': 'near_failure', 'failure_probability': 0.7889, 'confidence': 'high', 'predicted_rul': 11.72, 'rul_based_prediction': 'near_failure'}
2026-04-13 23:58:17,865 - INFO - Received input: {'op_setting_1': 0.003, 'op_setting_2': 0.0, 'op_setting_3': 100.0, 'sensor_1': 520.5, 'sensor_2': 645.0, 'sensor_3': 1605.0, 'sensor_4': 1425.0, 'sensor_5': 15.2, 'sensor_6': 22.0, 'sensor_7': 560.0, 'sensor_8': 2395.0, 'sensor_9': 9100.0, 'sensor_10': 1.5, 'sensor_11': 55.0, 'sensor_12': 500.0, 'sensor_13': 2395.0, 'sensor_14': 8200.0, 'sensor_15': 9.2, 'sensor_16': 0.04, 'sensor_17': 400.0, 'sensor_18': 2395.0, 'sensor_19': 100.0, 'sensor_20': 42.0, 'sensor_21': 22.0}
2026-04-13 23:58:17,998 - INFO - Prediction result: {'prediction': 1, 'prediction_label': 'near_failure', 'failure_probability': 0.7889, 'confidence': 'high', 'predicted_rul': 11.72, 'rul_based_prediction': 'near_failure'}
2026-04-13 23:59:19,384 - INFO - Received input: {'op_setting_1': 0.002, 'op_setting_2': 0.0, 'op_setting_3': 100.0, 'sensor_1': 518.67, 'sensor_2': 641.82, 'sensor_3': 1589.7, 'sensor_4': 1400.6, 'sensor_5': 14.62, 'sensor_6': 21.61, 'sensor_7': 553.36, 'sensor_8': 2388.06, 'sensor_9': 9046.19, 'sensor_10': 1.3, 'sensor_11': 47.47, 'sensor_12': 521.66, 'sensor_13': 2388.02, 'sensor_14': 8138.62, 'sensor_15': 8.4195, 'sensor_16': 0.03, 'sensor_17': 392.0, 'sensor_18': 2388.0, 'sensor_19': 100.0, 'sensor_20': 39.06, 'sensor_21': 23.419}
2026-04-13 23:59:19,531 - INFO - Prediction result: {'prediction': 0, 'prediction_label': 'healthy', 'failure_probability': 0.0001, 'confidence': 'low', 'predicted_rul': 118.24, 'rul_based_prediction': 'healthy'}
2026-04-13 23:59:22,352 - INFO - Received input: {'op_setting_1': 0.002, 'op_setting_2': 0.0, 'op_setting_3': 100.0, 'sensor_1': 518.67, 'sensor_2': 641.82, 'sensor_3': 1589.7, 'sensor_4': 1400.6, 'sensor_5': 14.62, 'sensor_6': 21.61, 'sensor_7': 553.36, 'sensor_8': 2388.06, 'sensor_9': 9046.19, 'sensor_10': 1.3, 'sensor_11': 47.47, 'sensor_12': 521.66, 'sensor_13': 2388.02, 'sensor_14': 8138.62, 'sensor_15': 8.4195, 'sensor_16': 0.03, 'sensor_17': 392.0, 'sensor_18': 2388.0, 'sensor_19': 100.0, 'sensor_20': 39.06, 'sensor_21': 23.419}
2026-04-13 23:59:22,527 - INFO - Prediction result: {'prediction': 0, 'prediction_label': 'healthy', 'failure_probability': 0.0001, 'confidence': 'low', 'predicted_rul': 118.24, 'rul_based_prediction': 'healthy'}
2026-04-13 23:59:49,672 - INFO - Received input: {'op_setting_1': 0.002, 'op_setting_2': 0.0, 'op_setting_3': 100.0, 'sensor_1': 518.8, 'sensor_2': 642.5, 'sensor_3': 1592.0, 'sensor_4': 1408.0, 'sensor_5': 14.7, 'sensor_6': 21.7, 'sensor_7': 554.0, 'sensor_8': 2389.5, 'sensor_9': 9055.0, 'sensor_10': 1.32, 'sensor_11': 48.5, 'sensor_12': 515.0, 'sensor_13': 2389.5, 'sensor_14': 8145.0, 'sensor_15': 8.6, 'sensor_16': 0.032, 'sensor_17': 393.0, 'sensor_18': 2389.5, 'sensor_19': 100.0, 'sensor_20': 39.8, 'sensor_21': 23.2}
2026-04-13 23:59:49,923 - INFO - Prediction result: {'prediction': 1, 'prediction_label': 'near_failure', 'failure_probability': 0.3417, 'confidence': 'medium', 'predicted_rul': 59.13, 'rul_based_prediction': 'healthy'}
2026-04-13 23:59:57,190 - INFO - Received input: {'op_setting_1': 0.002, 'op_setting_2': 0.0, 'op_setting_3': 100.0, 'sensor_1': 518.8, 'sensor_2': 642.5, 'sensor_3': 1592.0, 'sensor_4': 1408.0, 'sensor_5': 14.7, 'sensor_6': 21.7, 'sensor_7': 554.0, 'sensor_8': 2389.5, 'sensor_9': 9055.0, 'sensor_10': 1.32, 'sensor_11': 48.5, 'sensor_12': 515.0, 'sensor_13': 2389.5, 'sensor_14': 8145.0, 'sensor_15': 8.6, 'sensor_16': 0.032, 'sensor_17': 393.0, 'sensor_18': 2389.5, 'sensor_19': 100.0, 'sensor_20': 39.8, 'sensor_21': 23.2}
2026-04-13 23:59:57,415 - INFO - Prediction result: {'prediction': 1, 'prediction_label': 'near_failure', 'failure_probability': 0.3417, 'confidence': 'medium', 'predicted_rul': 59.13, 'rul_based_prediction': 'healthy'}
2026-04-14 00:00:21,955 - INFO - Received input: {'op_setting_1': 0.002, 'op_setting_2': 0.0, 'op_setting_3': 100.0, 'sensor_1': 518.67, 'sensor_2': 641.82, 'sensor_3': 1589.7, 'sensor_4': 1400.6, 'sensor_5': 14.62, 'sensor_6': 21.61, 'sensor_7': 553.36, 'sensor_8': 2388.06, 'sensor_9': 9046.19, 'sensor_10': 1.3, 'sensor_11': 47.47, 'sensor_12': 521.66, 'sensor_13': 2388.02, 'sensor_14': 8138.62, 'sensor_15': 8.4195, 'sensor_16': 0.03, 'sensor_17': 392.0, 'sensor_18': 2388.0, 'sensor_19': 100.0, 'sensor_20': 39.06, 'sensor_21': 23.419}
2026-04-14 00:00:22,181 - INFO - Prediction result: {'prediction': 0, 'prediction_label': 'healthy', 'failure_probability': 0.0001, 'confidence': 'low', 'predicted_rul': 118.24, 'rul_based_prediction': 'healthy'}
2026-04-14 00:00:45,295 - INFO - Received input: {'op_setting_1': 0.003, 'op_setting_2': 0.0, 'op_setting_3': 100.0, 'sensor_1': 520.5, 'sensor_2': 645.0, 'sensor_3': 1605.0, 'sensor_4': 1425.0, 'sensor_5': 15.2, 'sensor_6': 22.0, 'sensor_7': 560.0, 'sensor_8': 2395.0, 'sensor_9': 9100.0, 'sensor_10': 1.5, 'sensor_11': 55.0, 'sensor_12': 500.0, 'sensor_13': 2395.0, 'sensor_14': 8200.0, 'sensor_15': 9.2, 'sensor_16': 0.04, 'sensor_17': 400.0, 'sensor_18': 2395.0, 'sensor_19': 100.0, 'sensor_20': 42.0, 'sensor_21': 22.0}
2026-04-14 00:00:45,463 - INFO - Prediction result: {'prediction': 1, 'prediction_label': 'near_failure', 'failure_probability': 0.7889, 'confidence': 'high', 'predicted_rul': 11.72, 'rul_based_prediction': 'near_failure'}
2026-04-15 19:55:19,246 - INFO - Training model: logistic_regression
2026-04-15 19:55:19,342 - INFO - Training model: random_forest
2026-04-15 19:55:20,920 - INFO - Training model: xgboost
2026-04-15 19:55:22,658 - INFO - Optimal threshold: 0.312
2026-04-15 20:15:33,499 - INFO - generated new fontManager
2026-04-15 20:17:07,541 - INFO - Training model: logistic_regression
2026-04-15 20:17:07,628 - INFO - Training model: random_forest
2026-04-15 20:17:09,639 - INFO - Training model: xgboost
2026-04-15 20:17:11,130 - INFO - Optimal threshold: 0.312
2026-04-15 20:18:49,558 - INFO - Training model: logistic_regression
2026-04-15 20:18:49,662 - INFO - Training model: random_forest
2026-04-15 20:18:51,821 - INFO - Training model: xgboost
2026-04-15 20:18:52,834 - INFO - Optimal threshold: 0.312
2026-04-15 20:37:16,378 - INFO - Training model: logistic_regression
2026-04-15 20:37:16,553 - INFO - Training model: random_forest
2026-04-15 20:37:18,315 - INFO - Training model: xgboost
2026-04-15 20:37:20,058 - INFO - Optimal threshold: 0.312
